#! /cs/local/bin/vvp
:ivl_version "10.0 (stable)" "(v10_0)";
:ivl_delay_selection "TYPICAL";
:vpi_time_precision + 0;
:vpi_module "system";
:vpi_module "vhdl_sys";
:vpi_module "v2005_math";
:vpi_module "va_math";
S_0x149f4e0 .scope module, "labK" "labK" 2 1;
 .timescale 0 0;
L_0x14e3040 .functor NOT 1, v0x14e2ce0_0, C4<0>, C4<0>, C4<0>;
L_0x14e3100 .functor AND 1, v0x149f660_0, L_0x14e3040, C4<1>, C4<1>;
v0x149f660_0 .var "a", 0 0;
v0x14e2ce0_0 .var "b", 0 0;
v0x14e2da0_0 .var "flag", 0 0;
v0x14e2e70_0 .net "tmp", 0 0, L_0x14e3040;  1 drivers
v0x14e2f30_0 .net "z", 0 0, L_0x14e3100;  1 drivers
    .scope S_0x149f4e0;
T_0 ;
    %vpi_func 2 11 "$value$plusargs" 32, "a=%b", v0x149f660_0 {0 0 0};
    %pad/u 1;
    %store/vec4 v0x14e2da0_0, 0, 1;
    %vpi_func 2 12 "$value$plusargs" 32, "b=%b", v0x14e2ce0_0 {0 0 0};
    %pad/u 1;
    %store/vec4 v0x14e2da0_0, 0, 1;
    %vpi_call 2 13 "$finish" {0 0 0};
    %end;
    .thread T_0;
# The file index is used to find the file name in the following table.
:file_names 3;
    "N/A";
    "<interactive>";
    "labkt1.v";
