#! /cs/local/bin/vvp
:ivl_version "10.0 (stable)" "(v10_0)";
:ivl_delay_selection "TYPICAL";
:vpi_time_precision + 0;
:vpi_module "system";
:vpi_module "vhdl_sys";
:vpi_module "v2005_math";
:vpi_module "va_math";
S_0x25ed5b0 .scope module, "LabL" "LabL" 2 1;
 .timescale 0 0;
v0x2638ce0_0 .var/s "a", 31 0;
v0x2638dc0_0 .var/s "b", 31 0;
L_0x7f8eafbb6060 .functor BUFT 1, C4<0>, C4<0>, C4<0>, C4<0>;
v0x2638e90_0 .net "ex", 0 0, L_0x7f8eafbb6060;  1 drivers
v0x2638f90_0 .var/s "expect", 31 0;
v0x2639030_0 .var "op", 2 0;
v0x2639120_0 .var/s "temp", 31 0;
o0x7f8eafc08108 .functor BUFZ 32, C4<zzzzzzzzzzzzzzzzzzzzzzzzzzzzzzzz>; HiZ drive
v0x26391e0_0 .net/s "z", 31 0, o0x7f8eafc08108;  0 drivers
v0x26392d0_0 .var/s "zero", 31 0;
S_0x26132b0 .scope module, "mine" "yAlu" 2 8, 3 1 0, S_0x25ed5b0;
 .timescale 0 0;
    .port_info 0 /OUTPUT 32 "z"
    .port_info 1 /OUTPUT 1 "ex"
    .port_info 2 /INPUT 32 "a"
    .port_info 3 /INPUT 32 "b"
    .port_info 4 /INPUT 3 "op"
v0x2613090_0 .net "a", 31 0, v0x2638ce0_0;  1 drivers
v0x26387a0_0 .net "b", 31 0, v0x2638dc0_0;  1 drivers
v0x2638880_0 .net "ex", 0 0, L_0x7f8eafbb6060;  alias, 1 drivers
v0x2638950_0 .net "op", 2 0, v0x2639030_0;  1 drivers
L_0x7f8eafbb6018 .functor BUFT 1, C4<00000000000000000000000000000000>, C4<0>, C4<0>, C4<0>;
v0x2638a30_0 .net "slt", 31 0, L_0x7f8eafbb6018;  1 drivers
v0x2638b60_0 .net "z", 31 0, o0x7f8eafc08108;  alias, 0 drivers
    .scope S_0x25ed5b0;
T_0 ;
    %pushi/vec4 10, 0, 32;
T_0.0 %dup/vec4;
    %pushi/vec4 0, 0, 32;
    %cmp/s;
    %jmp/1xz T_0.1, 5;
    %jmp/1 T_0.1, 4;
    %pushi/vec4 1, 0, 32;
    %sub;
    %vpi_func 2 13 "$random" 32 {0 0 0};
    %pushi/vec4 100, 0, 32;
    %mod/s;
    %store/vec4 v0x2638ce0_0, 0, 32;
    %vpi_func 2 14 "$random" 32 {0 0 0};
    %pushi/vec4 100, 0, 32;
    %mod/s;
    %store/vec4 v0x2638dc0_0, 0, 32;
    %vpi_func 2 16 "$random" 32 {0 0 0};
    %pushi/vec4 3, 0, 32;
    %mod/s;
    %pad/s 3;
    %store/vec4 v0x2639030_0, 0, 3;
    %vpi_func 2 17 "$random" 32 {0 0 0};
    %pushi/vec4 2, 0, 32;
    %mod/s;
    %store/vec4 v0x2639120_0, 0, 32;
    %load/vec4 v0x2639120_0;
    %cmpi/e 0, 0, 32;
    %jmp/0xz  T_0.2, 4;
    %load/vec4 v0x2638ce0_0;
    %store/vec4 v0x2638dc0_0, 0, 32;
T_0.2 ;
    %load/vec4 v0x2639030_0;
    %cmpi/e 0, 0, 3;
    %jmp/0xz  T_0.4, 6;
    %load/vec4 v0x2638ce0_0;
    %load/vec4 v0x2638dc0_0;
    %and;
    %store/vec4 v0x2638f90_0, 0, 32;
T_0.4 ;
    %load/vec4 v0x2639030_0;
    %cmpi/e 1, 0, 3;
    %jmp/0xz  T_0.6, 6;
    %load/vec4 v0x2638ce0_0;
    %load/vec4 v0x2638dc0_0;
    %or;
    %store/vec4 v0x2638f90_0, 0, 32;
T_0.6 ;
    %load/vec4 v0x2639030_0;
    %cmpi/e 2, 0, 3;
    %jmp/0xz  T_0.8, 6;
    %load/vec4 v0x2638ce0_0;
    %load/vec4 v0x2638dc0_0;
    %add;
    %store/vec4 v0x2638f90_0, 0, 32;
T_0.8 ;
    %load/vec4 v0x2639030_0;
    %cmpi/e 6, 0, 3;
    %jmp/0xz  T_0.10, 6;
    %load/vec4 v0x2638ce0_0;
    %load/vec4 v0x2638dc0_0;
    %sub;
    %store/vec4 v0x2638f90_0, 0, 32;
T_0.10 ;
    %load/vec4 v0x2639030_0;
    %cmpi/e 7, 0, 3;
    %jmp/0xz  T_0.12, 6;
    %load/vec4 v0x2638ce0_0;
    %load/vec4 v0x2638dc0_0;
    %cmp/s;
    %flag_mov 8, 5;
    %jmp/0 T_0.14, 8;
    %pushi/vec4 1, 0, 32;
    %jmp/1 T_0.15, 8;
T_0.14 ; End of true expr.
    %pushi/vec4 0, 0, 32;
    %jmp/0 T_0.15, 8;
 ; End of false expr.
    %blend;
T_0.15;
    %store/vec4 v0x2638f90_0, 0, 32;
T_0.12 ;
    %load/vec4 v0x2638f90_0;
    %cmpi/e 0, 0, 32;
    %flag_mov 8, 4;
    %jmp/0 T_0.16, 8;
    %pushi/vec4 1, 0, 32;
    %jmp/1 T_0.17, 8;
T_0.16 ; End of true expr.
    %pushi/vec4 0, 0, 32;
    %jmp/0 T_0.17, 8;
 ; End of false expr.
    %blend;
T_0.17;
    %store/vec4 v0x26392d0_0, 0, 32;
    %delay 2, 0;
    %load/vec4 v0x2638e90_0;
    %pad/u 32;
    %load/vec4 v0x26392d0_0;
    %cmp/e;
    %jmp/0xz  T_0.18, 4;
    %vpi_call 2 38 "$display", "PASS\012 A ==> %0d\012 B ==> %0d\012 OPC ==> %0b\012 Expect ==> %0d\012 Ex ==> %0d\012 Result ==> %0d\012", v0x2638ce0_0, v0x2638dc0_0, v0x2639030_0, v0x2638f90_0, v0x2638e90_0, v0x26391e0_0 {0 0 0};
T_0.18 ;
    %jmp T_0.0;
T_0.1 ;
    %pop/vec4 1;
    %end;
    .thread T_0;
# The file index is used to find the file name in the following table.
:file_names 4;
    "N/A";
    "<interactive>";
    "LabL11.v";
    "./yAlu.v";
